<?xml version="1.0" encoding="utf-8"?><testsuites name="pytest tests"><testsuite name="pytest" errors="0" failures="0" skipped="0" tests="7" time="9.699" timestamp="2026-08-17T07:54:03.746240+00:00" hostname="agent-env-65dcdd92-ad41-4d85-a94f-3a7b5230ffc1"><testcase classname="tests.test_spoilancer_api.TestAdvisor" name="test_advisor_no_auth_returns_401" time="0.332" /><testcase classname="tests.test_spoilancer_api.TestAuthMe" name="test_me_with_valid_token" time="0.277" /><testcase classname="tests.test_spoilancer_api.TestAuthMe" name="test_me_no_auth_returns_401" time="0.127" /><testcase classname="tests.test_spoilancer_api.TestAdvisor" name="test_advisor_with_auth_returns_structured_json" time="8.856" /><testcase classname="tests.test_spoilancer_api.TestAuthMe" name="test_me_bogus_token_returns_401" time="0.199" /><testcase classname="tests.test_spoilancer_api.TestAuthSession" name="test_session_bogus_id_returns_401" time="0.181" /><testcase classname="tests.test_spoilancer_api.TestRoot" name="test_root_message" time="0.183" /></testsuite></testsuites>