<?xml version="1.0" encoding="utf-8"?><testsuites name="pytest tests"><testsuite name="pytest" errors="0" failures="0" skipped="0" tests="7" time="9.877" timestamp="2026-08-17T06:36:31.233352+00:00" hostname="agent-env-65dcdd92-ad41-4d85-a94f-3a7b5230ffc1"><testcase classname="tests.test_spoilancer_api.TestAdvisor" name="test_advisor_no_auth_returns_401" time="0.177" /><testcase classname="tests.test_spoilancer_api.TestAuthMe" name="test_me_with_valid_token" time="0.238" /><testcase classname="tests.test_spoilancer_api.TestAdvisor" name="test_advisor_with_auth_returns_structured_json" time="9.079" /><testcase classname="tests.test_spoilancer_api.TestAuthMe" name="test_me_no_auth_returns_401" time="1.439" /><testcase classname="tests.test_spoilancer_api.TestAuthMe" name="test_me_bogus_token_returns_401" time="0.099" /><testcase classname="tests.test_spoilancer_api.TestRoot" name="test_root_message" time="0.119" /><testcase classname="tests.test_spoilancer_api.TestAuthSession" name="test_session_bogus_id_returns_401" time="0.170" /></testsuite></testsuites>